=INFO REPORT==== 10-Aug-2017::21:20:11 ===
autocluster: (cleanup) Timer started {60,false}

=INFO REPORT==== 10-Aug-2017::21:20:11 ===
Starting RabbitMQ 3.6.10 on Erlang 19.3
Copyright (C) 2007-2017 Pivotal Software, Inc.
Licensed under the MPL.  See http://www.rabbitmq.com/

              RabbitMQ 3.6.10. Copyright (C) 2007-2017 Pivotal Software, Inc.
  ##  ##      Licensed under the MPL.  See http://www.rabbitmq.com/
  ##  ##
  ##########  Logs: tty
  ######  ##        tty
  ##########
              Starting broker...

=INFO REPORT==== 10-Aug-2017::21:20:11 ===
node           : rabbit@5c129bf41541
home dir       : /var/lib/rabbitmq
config file(s) : /usr/lib/rabbitmq/etc/rabbitmq/rabbitmq.config
cookie hash    : iqG7DCBA+lxNNLQq/Y6efg==
log            : tty
sasl log       : tty
database dir   : /var/lib/rabbitmq/mnesia

=INFO REPORT==== 10-Aug-2017::21:20:13 ===
autocluster: Running discover/join step

=INFO REPORT==== 10-Aug-2017::21:20:13 ===
    application: mnesia
    exited: stopped
    type: temporary

=INFO REPORT==== 10-Aug-2017::21:20:13 ===
autocluster: Apps 'rabbit' and 'mnesia' successfully stopped

=INFO REPORT==== 10-Aug-2017::21:20:13 ===
autocluster: Running step initialize_backend

=INFO REPORT==== 10-Aug-2017::21:20:13 ===
autocluster: Running step acquire_startup_lock

=INFO REPORT==== 10-Aug-2017::21:20:13 ===
autocluster: Startup lock acquired

=INFO REPORT==== 10-Aug-2017::21:20:13 ===
autocluster: Running step find_best_node_to_join

=INFO REPORT==== 10-Aug-2017::21:20:13 ===
autocluster: List of registered nodes retrieved from the backend: []

=ERROR REPORT==== 10-Aug-2017::21:20:13 ===
autocluster: No nodes to choose the preferred from!

=INFO REPORT==== 10-Aug-2017::21:20:13 ===
autocluster: Picked node as the preferred choice for joining: undefined

=INFO REPORT==== 10-Aug-2017::21:20:13 ===
autocluster: Running step maybe_cluster

=INFO REPORT==== 10-Aug-2017::21:20:13 ===
autocluster: We are the first node in the cluster, starting up unconditionally.

=INFO REPORT==== 10-Aug-2017::21:20:13 ===
autocluster: Starting back 'rabbit' application

=INFO REPORT==== 10-Aug-2017::21:20:13 ===
Memory limit set to 12717MB of 15896MB total.

=INFO REPORT==== 10-Aug-2017::21:20:13 ===
Enabling free disk space monitoring

=INFO REPORT==== 10-Aug-2017::21:20:13 ===
Disk free limit set to 50MB

=INFO REPORT==== 10-Aug-2017::21:20:13 ===
Limiting to approx 1048476 file handles (943626 sockets)

=INFO REPORT==== 10-Aug-2017::21:20:13 ===
FHC read buffering:  OFF
FHC write buffering: OFF

=INFO REPORT==== 10-Aug-2017::21:20:13 ===
Database directory at /var/lib/rabbitmq/mnesia is empty. Initialising from scratch...

=INFO REPORT==== 10-Aug-2017::21:20:13 ===
    application: mnesia
    exited: stopped
    type: temporary

=INFO REPORT==== 10-Aug-2017::21:20:13 ===
Waiting for Mnesia tables for 30000 ms, 9 retries left

=INFO REPORT==== 10-Aug-2017::21:20:13 ===
Waiting for Mnesia tables for 30000 ms, 9 retries left

=INFO REPORT==== 10-Aug-2017::21:20:13 ===
Waiting for Mnesia tables for 30000 ms, 9 retries left

=INFO REPORT==== 10-Aug-2017::21:20:13 ===
Priority queues enabled, real BQ is rabbit_variable_queue

=INFO REPORT==== 10-Aug-2017::21:20:13 ===
Starting rabbit_node_monitor

=INFO REPORT==== 10-Aug-2017::21:20:13 ===
Management plugin: using rates mode 'basic'

=INFO REPORT==== 10-Aug-2017::21:20:13 ===
msg_store_transient: using rabbit_msg_store_ets_index to provide index

=INFO REPORT==== 10-Aug-2017::21:20:13 ===
msg_store_persistent: using rabbit_msg_store_ets_index to provide index

=WARNING REPORT==== 10-Aug-2017::21:20:13 ===
msg_store_persistent: rebuilding indices from scratch

=INFO REPORT==== 10-Aug-2017::21:20:13 ===
Adding vhost '/'

=INFO REPORT==== 10-Aug-2017::21:20:13 ===
Creating user 'guest'

=INFO REPORT==== 10-Aug-2017::21:20:13 ===
Setting user tags for user 'guest' to [administrator]

=INFO REPORT==== 10-Aug-2017::21:20:13 ===
Setting permissions for 'guest' in '/' to '.*', '.*', '.*'

=INFO REPORT==== 10-Aug-2017::21:20:13 ===
started TCP Listener on [::]:5672

=INFO REPORT==== 10-Aug-2017::21:20:13 ===
autocluster: Running registeration step

=INFO REPORT==== 10-Aug-2017::21:20:13 ===
autocluster: Running step register_with_backend

=INFO REPORT==== 10-Aug-2017::21:20:13 ===
autocluster: Running lock release step

=INFO REPORT==== 10-Aug-2017::21:20:13 ===
autocluster: Running step release_startup_lock

=INFO REPORT==== 10-Aug-2017::21:20:13 ===
MQTT retained message store: rabbit_mqtt_retained_msg_store_dets

=INFO REPORT==== 10-Aug-2017::21:20:13 ===
started MQTT TCP Listener on [::]:1883

=INFO REPORT==== 10-Aug-2017::21:20:13 ===
rabbit_stomp: default user 'guest' enabled

=INFO REPORT==== 10-Aug-2017::21:20:13 ===
started STOMP TCP Listener on [::]:61613

=INFO REPORT==== 10-Aug-2017::21:20:13 ===
Management plugin started. Port: 15672

=INFO REPORT==== 10-Aug-2017::21:20:13 ===
Statistics database started.

=INFO REPORT==== 10-Aug-2017::21:20:13 ===
rabbit_web_stomp: listening for HTTP connections on 0.0.0.0:15674
 completed with 17 plugins.

=INFO REPORT==== 10-Aug-2017::21:20:13 ===
Server startup complete; 17 plugins started.
 * rabbitmq_web_stomp
 * rabbitmq_federation_management
 * rabbitmq_shovel_management
 * rabbitmq_management
 * rabbitmq_web_dispatch
 * cowboy
 * cowlib
 * rabbitmq_federation
 * rabbitmq_consistent_hash_exchange
 * rabbitmq_shovel
 * rabbitmq_stomp
 * rabbitmq_mqtt
 * rabbitmq_management_agent
 * autocluster
 * rabbitmq_aws
 * amqp_client
 * sockjs

=INFO REPORT==== 10-Aug-2017::21:20:13 ===
node rabbit@951b363aad07 up

=INFO REPORT==== 10-Aug-2017::21:20:14 ===
rabbit on node rabbit@951b363aad07 up

=INFO REPORT==== 10-Aug-2017::21:20:14 ===
node rabbit@3028b4cf7cab up

=INFO REPORT==== 10-Aug-2017::21:20:14 ===
rabbit on node rabbit@3028b4cf7cab up
